<?xml version="1.0" encoding="UTF-8"?>
<!-- Generated by org.testng.reporters.JUnitReportReporter -->
<testsuite hostname="Active35" failures="0" tests="3" name="testNgSmilo.WidgetLaunch" time="99.601" errors="0" timestamp="2025-04-09T18:14:14 IST" skipped="0">
  <testcase classname="testNgSmilo.WidgetLaunch" name="navigateToUploadpage" time="15.629"/>
  <testcase classname="testNgSmilo.WidgetLaunch" name="ContactInfo" time="0.651"/>
  <testcase classname="testNgSmilo.WidgetLaunch" name="EnsureWeAreOnfinalCardPage" time="83.321"/>
</testsuite> <!-- testNgSmilo.WidgetLaunch -->
