<?xml version="1.0" encoding="UTF-8"?>
<!-- Generated by org.testng.reporters.JUnitReportReporter -->
<testsuite hostname="Active35" failures="0" tests="4" name="testNgSmilo.PepLogin" time="0.620" errors="0" timestamp="2025-03-20T14:19:03 IST" skipped="0">
  <testcase classname="testNgSmilo.PepLogin" name="EntermailAndPassword" time="0.300"/>
  <testcase classname="testNgSmilo.PepLogin" name="EntermailAndPassword" time="0.317"/>
  <testcase classname="testNgSmilo.PepLogin" name="userOnThePEPDashboardPage" time="0.001"/>
  <testcase classname="testNgSmilo.PepLogin" name="userOnThePEPDashboardPage" time="0.002"/>
</testsuite> <!-- testNgSmilo.PepLogin -->
