<?xml version="1.0" encoding="UTF-8"?>
<!-- Generated by org.testng.reporters.JUnitReportReporter -->
<testsuite hostname="Active35" failures="0" tests="3" name="tesNgSmilo.LoginClass" time="18.297" errors="0" timestamp="2025-03-20T10:51:37 IST" skipped="0">
  <testcase classname="tesNgSmilo.LoginClass" name="EntermailAndPassword" time="0.464"/>
  <testcase classname="tesNgSmilo.LoginClass" name="ExtractTheMailOtpAndPassIntoTheOtpfilds" time="17.832"/>
  <testcase classname="tesNgSmilo.LoginClass" name="VerifyTheDashBoardPage" time="0.001"/>
</testsuite> <!-- tesNgSmilo.LoginClass -->
