<?xml version="1.0" encoding="UTF-8"?>
<!-- Generated by org.testng.reporters.JUnitReportReporter -->
<testsuite hostname="Active35" failures="0" tests="2" name="tesNgSmilo.PepLogin" time="0.473" errors="0" timestamp="2025-03-20T10:51:37 IST" skipped="0">
  <testcase classname="tesNgSmilo.PepLogin" name="EntermailAndPassword" time="0.470"/>
  <testcase classname="tesNgSmilo.PepLogin" name="userOnThePEPDashboardPage" time="0.003"/>
</testsuite> <!-- tesNgSmilo.PepLogin -->
