<?xml version="1.0" encoding="UTF-8"?>
<!-- Generated by org.testng.reporters.JUnitReportReporter -->
<testsuite hostname="Active35" failures="0" tests="1" name="testNgSmilo.WidgetFlow" time="25.086" errors="0" timestamp="2025-04-03T10:50:42 IST" skipped="0">
  <testcase classname="testNgSmilo.WidgetFlow" name="navigateToUploadpage" time="25.086"/>
</testsuite> <!-- testNgSmilo.WidgetFlow -->
