<?xml version="1.0" encoding="UTF-8"?>
<!-- Generated by org.testng.reporters.JUnitReportReporter -->
<testsuite hostname="Active35" failures="0" tests="3" name="testNgSmilo.LoginClass" time="14.972" errors="0" timestamp="2025-03-21T13:59:56 IST" skipped="0">
  <testcase classname="testNgSmilo.LoginClass" name="EntermailAndPassword" time="0.347"/>
  <testcase classname="testNgSmilo.LoginClass" name="ExtractTheMailOtpAndPassIntoTheOtpFields" time="14.624"/>
  <testcase classname="testNgSmilo.LoginClass" name="VerifyTheDashBoardPage" time="0.001"/>
</testsuite> <!-- testNgSmilo.LoginClass -->
