<?xml version="1.0" encoding="UTF-8"?>
<!-- Generated by org.testng.reporters.JUnitReportReporter -->
<testsuite hostname="Active35" failures="0" tests="1" name="testNgSmilo.WidgetFlow" time="3.983" errors="0" timestamp="2025-04-09T14:56:06 IST" skipped="0">
  <testcase classname="testNgSmilo.WidgetFlow" name="navigateToUploadpage" time="3.983"/>
</testsuite> <!-- testNgSmilo.WidgetFlow -->
