<?xml version="1.0" encoding="UTF-8"?>
<!-- Generated by org.testng.reporters.JUnitReportReporter -->
<testsuite hostname="Active35" failures="0" tests="3" name="testNgSmilo.WidgetLaunch" time="24.987" errors="0" timestamp="2025-04-11T11:48:26 IST" skipped="0">
  <testcase classname="testNgSmilo.WidgetLaunch" name="navigateToUploadpage" time="3.809"/>
  <testcase classname="testNgSmilo.WidgetLaunch" name="ContactInfo" time="0.596"/>
  <testcase classname="testNgSmilo.WidgetLaunch" name="EnsureWeAreOnfinalCardPage" time="20.582"/>
</testsuite> <!-- testNgSmilo.WidgetLaunch -->
