<?xml version="1.0" encoding="UTF-8"?>
<!-- Generated by org.testng.reporters.JUnitReportReporter -->
<testsuite hostname="Active35" failures="0" tests="1" name="testNgSmilo.WidgetFlow" time="24.708" errors="0" timestamp="2025-04-02T18:27:49 IST" skipped="0">
  <testcase classname="testNgSmilo.WidgetFlow" name="navigateToUploadpage" time="24.708"/>
</testsuite> <!-- testNgSmilo.WidgetFlow -->
