<?xml version="1.0" encoding="UTF-8"?>
<!-- Generated by org.testng.reporters.JUnitReportReporter -->
<testsuite hostname="Active35" failures="0" tests="4" name="testNgSmilo.EnsureUserRecordCreatedInPEPAndAdmin" time="9.989" errors="0" timestamp="2025-04-15T16:13:21 IST" skipped="0">
  <testcase classname="testNgSmilo.EnsureUserRecordCreatedInPEPAndAdmin" name="launchTheBrowser" time="4.466"/>
  <testcase classname="testNgSmilo.EnsureUserRecordCreatedInPEPAndAdmin" name="navigateTopPurposeOfVisitPage" time="0.667"/>
  <testcase classname="testNgSmilo.EnsureUserRecordCreatedInPEPAndAdmin" name="navigateToUploadImagePage" time="0.922"/>
  <testcase classname="testNgSmilo.EnsureUserRecordCreatedInPEPAndAdmin" name="uploadImages" time="3.934"/>
</testsuite> <!-- testNgSmilo.EnsureUserRecordCreatedInPEPAndAdmin -->
