<?xml version="1.0" encoding="UTF-8"?>
<!-- Generated by org.testng.reporters.JUnitReportReporter -->
<testsuite hostname="Active35" failures="0" tests="1" name="testNgSmilo.WidgetLaunch" time="0.001" errors="0" timestamp="2025-03-20T11:24:25 IST" skipped="0">
  <testcase classname="testNgSmilo.WidgetLaunch" name="verify" time="0.001"/>
</testsuite> <!-- testNgSmilo.WidgetLaunch -->
